[19:32:07.917][INFO]: Successfully identified and loaded plugin botania:default
[19:32:07.934][INFO]: Successfully identified and loaded plugin jeitweaker:default
[19:32:08.004][INFO]: Successfully identified and loaded plugin crafttweaker:builtin
[19:32:08.016][INFO]: Successfully identified and loaded plugin mekanism:crt_plugin
[19:32:08.026][INFO]: Successfully identified and loaded plugin immersiveengineering:ct_module
[19:32:11.596][INFO]: The following mods have explicit CraftTweaker support through the default plugin:
[19:32:11.600][INFO]: - 'aquaculture' at version '1.18.2-2.3.8'
[19:32:11.600][INFO]: - 'avaritia' at version '1.18.2-1.1.1'
[19:32:11.601][INFO]: - 'botania' at version '1.18.2-435'
[19:32:11.601][INFO]: - 'crafttweaker' at version '9.1.193'
[19:32:11.601][INFO]: - 'createtweaker' at version '2.0.0.17'
[19:32:11.601][INFO]: - 'custommachinery' at version '1.18.2-0.6.7'
[19:32:11.601][INFO]: - 'excompressum' at version '5.0.3'
[19:32:11.601][INFO]: - 'exnihilosequentia' at version '1.18.2-20220926-000123'
[19:32:11.601][INFO]: - 'immersiveengineering' at version '1.18.2-8.2.2-154'
[19:32:11.601][INFO]: - 'jeitweaker' at version '3.0.0.9'
[19:32:11.602][INFO]: - 'mekanism' at version '10.2.5'
[19:32:11.602][INFO]: - 'projecte' at version '1.0.1'
[19:32:11.602][INFO]: - 'thermal' at version '1.6.3.28'
[19:32:11.602][INFO]: - 'thermal_foundation' at version '1.6.3.28'
[19:32:48.878][INFO]: Started loading scripts for loader 'mekanismcontent'
[19:32:49.399][INFO]: Compiling and executing scripts
[19:32:50.642][INFO]: Successfully initialized modules [mods, crafttweaker, expansions]
[19:32:50.822][INFO]: Execution for loader 'mekanismcontent' completed successfully
[19:32:50.823][INFO]: Registering 0 custom gases.
[19:32:50.844][INFO]: Registering 0 custom infuse types.
[19:32:50.864][INFO]: Registering 0 custom pigments.
[19:32:50.870][INFO]: Registering 0 custom robit skins.
[19:32:50.876][INFO]: Registering 0 custom slurries.
[19:32:54.909][INFO]: Started loading scripts for loader 'initialize'
[19:32:54.984][INFO]: Compiling and executing scripts
[19:32:54.989][INFO]: Successfully initialized modules [crafttweaker, expansions]
[19:32:55.014][INFO]: Execution for loader 'initialize' completed successfully
[19:33:54.302][INFO]: Started loading scripts for loader 'tags'
[19:33:54.333][INFO]: Compiling and executing scripts
[19:33:54.339][INFO]: Successfully initialized modules [crafttweaker, expansions]
[19:33:54.354][INFO]: Execution for loader 'tags' completed successfully
[19:34:15.833][INFO]: Started loading scripts for loader 'crafttweaker'
[19:34:15.869][INFO]: Compiling and executing scripts
[19:34:16.197][INFO]: Successfully initialized modules [mods, crafttweaker, expansions]
[19:34:16.222][INFO]: Execution for loader 'crafttweaker' completed successfully
